{"/workspaces/myNpmLibrary/index.js": {"path":"/workspaces/myNpmLibrary/index.js","statementMap":{"0":{"start":{"line":3,"column":2},"end":{"line":3,"column":52}},"1":{"start":{"line":3,"column":31},"end":{"line":3,"column":52}},"2":{"start":{"line":4,"column":2},"end":{"line":4,"column":109}},"3":{"start":{"line":4,"column":39},"end":{"line":4,"column":109}},"4":{"start":{"line":6,"column":2},"end":{"line":6,"column":21}},"5":{"start":{"line":9,"column":0},"end":{"line":9,"column":42}}},"fnMap":{"0":{"name":"calculatePolygonAngleSum","decl":{"start":{"line":1,"column":9},"end":{"line":1,"column":33}},"loc":{"start":{"line":1,"column":38},"end":{"line":7,"column":1}},"line":1}},"branchMap":{"0":{"loc":{"start":{"line":3,"column":2},"end":{"line":3,"column":52}},"type":"if","locations":[{"start":{"line":3,"column":2},"end":{"line":3,"column":52}},{"start":{},"end":{}}],"line":3},"1":{"loc":{"start":{"line":4,"column":2},"end":{"line":4,"column":109}},"type":"if","locations":[{"start":{"line":4,"column":2},"end":{"line":4,"column":109}},{"start":{},"end":{}}],"line":4},"2":{"loc":{"start":{"line":4,"column":7},"end":{"line":4,"column":36}},"type":"binary-expr","locations":[{"start":{"line":4,"column":7},"end":{"line":4,"column":27}},{"start":{"line":4,"column":31},"end":{"line":4,"column":36}}],"line":4}},"s":{"0":5,"1":2,"2":3,"3":2,"4":1,"5":1},"f":{"0":5},"b":{"0":[2,3],"1":[2,1],"2":[3,2]},"_coverageSchema":"1a1c01bbd47fc00a2c39e90264f33305004495a9","hash":"e316e23884b0b7cb6a636cde8d9d2f3c5a8ddc30"}
}
